c:\users\mcgra\desktop\ge\gamesengeneering\labbuffer\rwm_1718_p2_b\rwm_1718_p2_b\x64\debug\vc141.pdb
c:\users\mcgra\desktop\ge\gamesengeneering\labbuffer\rwm_1718_p2_b\rwm_1718_p2_b\x64\debug\vc141.idb
c:\users\mcgra\desktop\ge\gamesengeneering\labbuffer\rwm_1718_p2_b\rwm_1718_p2_b\x64\debug\consumer.obj
c:\users\mcgra\desktop\ge\gamesengeneering\labbuffer\rwm_1718_p2_b\rwm_1718_p2_b\x64\debug\game.obj
c:\users\mcgra\desktop\ge\gamesengeneering\labbuffer\rwm_1718_p2_b\rwm_1718_p2_b\x64\debug\inputmanager.obj
c:\users\mcgra\desktop\ge\gamesengeneering\labbuffer\rwm_1718_p2_b\rwm_1718_p2_b\x64\debug\ltimer.obj
c:\users\mcgra\desktop\ge\gamesengeneering\labbuffer\rwm_1718_p2_b\rwm_1718_p2_b\x64\debug\producer.obj
c:\users\mcgra\desktop\ge\gamesengeneering\labbuffer\rwm_1718_p2_b\rwm_1718_p2_b\x64\debug\source.obj
c:\users\mcgra\desktop\ge\gamesengeneering\labreaderwrite\rwm_1718_p2_b\rwm_1718_p2_b\x64\debug\vc141.pdb
c:\users\mcgra\desktop\ge\gamesengeneering\labreaderwrite\rwm_1718_p2_b\rwm_1718_p2_b\x64\debug\vc141.idb
c:\users\mcgra\desktop\ge\gamesengeneering\labreaderwrite\rwm_1718_p2_b\rwm_1718_p2_b\x64\debug\source.obj
c:\users\mcgra\desktop\ge\gamesengeneering\labbuffer\rwm_1718_p2_b\x64\debug\rwm_1718_p2_b.exe
c:\users\mcgra\desktop\ge\gamesengeneering\labbuffer\rwm_1718_p2_b\x64\debug\rwm_1718_p2_b.ilk
c:\users\mcgra\desktop\ge\gamesengeneering\labbuffer\rwm_1718_p2_b\x64\debug\rwm_1718_p2_b.pdb
c:\users\mcgra\desktop\ge\gamesengeneering\labreaderwrite\rwm_1718_p2_b\x64\debug\rwm_1718_p2_b.exe
c:\users\mcgra\desktop\ge\gamesengeneering\labreaderwrite\rwm_1718_p2_b\x64\debug\rwm_1718_p2_b.ilk
c:\users\mcgra\desktop\ge\gamesengeneering\labreaderwrite\rwm_1718_p2_b\x64\debug\rwm_1718_p2_b.pdb
c:\users\mcgra\desktop\ge\gamesengeneering\labreaderwrite\rwm_1718_p2_b\rwm_1718_p2_b\x64\debug\audio.obj
c:\users\mcgra\desktop\ge\gamesengeneering\labreaderwrite\rwm_1718_p2_b\rwm_1718_p2_b\x64\debug\ball.obj
c:\users\mcgra\desktop\ge\gamesengeneering\labreaderwrite\rwm_1718_p2_b\rwm_1718_p2_b\x64\debug\consumer.obj
c:\users\mcgra\desktop\ge\gamesengeneering\labreaderwrite\rwm_1718_p2_b\rwm_1718_p2_b\x64\debug\contact.obj
c:\users\mcgra\desktop\ge\gamesengeneering\labreaderwrite\rwm_1718_p2_b\rwm_1718_p2_b\x64\debug\emitter.obj
c:\users\mcgra\desktop\ge\gamesengeneering\labreaderwrite\rwm_1718_p2_b\rwm_1718_p2_b\x64\debug\game.obj
c:\users\mcgra\desktop\ge\gamesengeneering\labreaderwrite\rwm_1718_p2_b\rwm_1718_p2_b\x64\debug\inputmanager.obj
c:\users\mcgra\desktop\ge\gamesengeneering\labreaderwrite\rwm_1718_p2_b\rwm_1718_p2_b\x64\debug\ltimer.obj
c:\users\mcgra\desktop\ge\gamesengeneering\labreaderwrite\rwm_1718_p2_b\rwm_1718_p2_b\x64\debug\menu.obj
c:\users\mcgra\desktop\ge\gamesengeneering\labreaderwrite\rwm_1718_p2_b\rwm_1718_p2_b\x64\debug\particle.obj
c:\users\mcgra\desktop\ge\gamesengeneering\labreaderwrite\rwm_1718_p2_b\rwm_1718_p2_b\x64\debug\producer.obj
c:\users\mcgra\desktop\ge\gamesengeneering\labreaderwrite\rwm_1718_p2_b\rwm_1718_p2_b\x64\debug\renderer.obj
c:\users\mcgra\desktop\ge\gamesengeneering\labreaderwrite\rwm_1718_p2_b\rwm_1718_p2_b\x64\debug\game.obj.enc
c:\users\mcgra\desktop\ge\gamesengeneering\labreaderwrite\rwm_1718_p2_b\rwm_1718_p2_b\x64\debug\rwm_1718_p2_b.tlog\cl.command.1.tlog
c:\users\mcgra\desktop\ge\gamesengeneering\labreaderwrite\rwm_1718_p2_b\rwm_1718_p2_b\x64\debug\rwm_1718_p2_b.tlog\cl.read.1.tlog
c:\users\mcgra\desktop\ge\gamesengeneering\labreaderwrite\rwm_1718_p2_b\rwm_1718_p2_b\x64\debug\rwm_1718_p2_b.tlog\cl.write.1.tlog
c:\users\mcgra\desktop\ge\gamesengeneering\labreaderwrite\rwm_1718_p2_b\rwm_1718_p2_b\x64\debug\rwm_1718_p2_b.tlog\link.command.1.tlog
c:\users\mcgra\desktop\ge\gamesengeneering\labreaderwrite\rwm_1718_p2_b\rwm_1718_p2_b\x64\debug\rwm_1718_p2_b.tlog\link.read.1.tlog
c:\users\mcgra\desktop\ge\gamesengeneering\labreaderwrite\rwm_1718_p2_b\rwm_1718_p2_b\x64\debug\rwm_1718_p2_b.tlog\link.write.1.tlog
